<?xml version="1.0" encoding="UTF-8"?>
<robot generator="Robot 7.2.2 (Python 3.12.3 on win32)" generated="2025-04-09T16:55:17.702013" rpa="false" schemaversion="5">
<suite id="s1" name="Amazon Tests" source="c:\Users\Jean\Robot_SeleniumLibrary\amazon_tests.robot">
<test id="s1-t1" name="Caso de Teste 01 - Acesso ao menu &quot;Eletrônicos&quot;" line="9">
<kw name="Abrir o navegador" owner="amazon_resources" type="SETUP">
<kw name="Open Browser" owner="SeleniumLibrary">
<msg time="2025-04-09T16:55:18.121353" level="INFO">Opening browser 'chrome' to base url 'None'.</msg>
<msg time="2025-04-09T16:55:18.496421" level="WARN">The chromedriver version (134.0.6998.166) detected in PATH at C:\Users\Jean\AppData\Local\Programs\Python\Python312\Scripts\chromedriver.exe might not be compatible with the detected chrome version (135.0.7049.42); currently, chromedriver 135.0.7049.84 is recommended for chrome 135.*, so it is advised to delete the driver in PATH and retry</msg>
<arg>browser=chrome</arg>
<arg>options=add_experimental_option("detach", True)</arg>
<doc>Opens a new browser instance to the optional ``url``.</doc>
<status status="PASS" start="2025-04-09T16:55:18.120335" elapsed="1.594203"/>
</kw>
<kw name="Maximize Browser Window" owner="SeleniumLibrary">
<doc>Maximizes current browser window.</doc>
<status status="PASS" start="2025-04-09T16:55:19.715539" elapsed="0.030981"/>
</kw>
<status status="PASS" start="2025-04-09T16:55:18.119347" elapsed="1.628173"/>
</kw>
<kw name="Dado que estou na home page da Amazon.com.br" owner="amazon_resources">
<kw name="Go To" owner="SeleniumLibrary">
<msg time="2025-04-09T16:55:19.753516" level="INFO">Opening url 'https://www.amazon.com.br/'</msg>
<arg>${URL}</arg>
<doc>Navigates the current browser window to the provided ``url``.</doc>
<status status="PASS" start="2025-04-09T16:55:19.752517" elapsed="1.726736"/>
</kw>
<kw name="Sleep" owner="BuiltIn">
<msg time="2025-04-09T16:55:36.482807" level="INFO">Slept 15 seconds.</msg>
<arg>15s</arg>
<doc>Pauses the test executed for the given time.</doc>
<status status="PASS" start="2025-04-09T16:55:21.480250" elapsed="15.002557"/>
</kw>
<kw name="Wait Until Element Is Visible" owner="SeleniumLibrary">
<arg>${MENU_ELETRONICOS}</arg>
<doc>Waits until the element ``locator`` is visible.</doc>
<status status="PASS" start="2025-04-09T16:55:36.482807" elapsed="0.033424"/>
</kw>
<status status="PASS" start="2025-04-09T16:55:19.752517" elapsed="16.763714"/>
</kw>
<kw name="Quando acessar o menu &quot;Eletrônicos&quot;" owner="amazon_resources">
<kw name="Click Element" owner="SeleniumLibrary">
<msg time="2025-04-09T16:55:36.519220" level="INFO">Clicking element 'xpath=//*[@id="nav-xshop"]/ul/li[8]/div/a'.</msg>
<arg>${MENU_ELETRONICOS}</arg>
<doc>Click the element identified by ``locator``.</doc>
<status status="PASS" start="2025-04-09T16:55:36.518220" elapsed="8.365836"/>
</kw>
<status status="PASS" start="2025-04-09T16:55:36.516231" elapsed="8.368824"/>
</kw>
<kw name="E o texto &quot;Eletrônicos e Tecnologia&quot; deve ser exibido na página" owner="amazon_resources">
<kw name="Wait Until Page Contains" owner="SeleniumLibrary">
<arg>text=Eletrônicos e Tecnologia</arg>
<doc>Waits until ``text`` appears on the current page.</doc>
<status status="PASS" start="2025-04-09T16:55:44.888053" elapsed="0.038575"/>
</kw>
<kw name="Wait Until Element Is Visible" owner="SeleniumLibrary">
<arg>${HEADER_ELETRONICOS}</arg>
<doc>Waits until the element ``locator`` is visible.</doc>
<status status="PASS" start="2025-04-09T16:55:44.926628" elapsed="0.022989"/>
</kw>
<status status="PASS" start="2025-04-09T16:55:44.888053" elapsed="0.061564"/>
</kw>
<kw name="Fechar o navegador" owner="amazon_resources" type="TEARDOWN">
<kw name="Close Browser" owner="SeleniumLibrary">
<doc>Closes the current browser.</doc>
<status status="PASS" start="2025-04-09T16:55:44.952614" elapsed="2.673570"/>
</kw>
<status status="PASS" start="2025-04-09T16:55:44.952614" elapsed="2.674509"/>
</kw>
<doc>Verifica o menu eletronicos</doc>
<tag>menus categorias</tag>
<status status="PASS" start="2025-04-09T16:55:18.118338" elapsed="29.508785"/>
</test>
<doc>Suite de teste para Amazon</doc>
<status status="PASS" start="2025-04-09T16:55:17.707703" elapsed="29.923418"/>
</suite>
<statistics>
<total>
<stat pass="1" fail="0" skip="0">All Tests</stat>
</total>
<tag>
<stat pass="1" fail="0" skip="0">menus categorias</stat>
</tag>
<suite>
<stat name="Amazon Tests" id="s1" pass="1" fail="0" skip="0">Amazon Tests</stat>
</suite>
</statistics>
<errors>
<msg time="2025-04-09T16:55:18.496421" level="WARN">The chromedriver version (134.0.6998.166) detected in PATH at C:\Users\Jean\AppData\Local\Programs\Python\Python312\Scripts\chromedriver.exe might not be compatible with the detected chrome version (135.0.7049.42); currently, chromedriver 135.0.7049.84 is recommended for chrome 135.*, so it is advised to delete the driver in PATH and retry</msg>
</errors>
</robot>
