<?xml version="1.0" encoding="UTF-8"?>
<robot generator="Robot 7.2.2 (Python 3.12.3 on win32)" generated="2026-01-25T22:28:02.553914" rpa="false" schemaversion="5">
<suite id="s1" name="Amazon Tests" source="c:\Users\Jean\Robot_SeleniumLibrary\amazon_tests.robot">
<test id="s1-t1" name="Caso de Teste 01 - Acesso ao menu &quot;Eletrônicos&quot;" line="9">
<kw name="Abrir o navegador" owner="amazon_resources" type="SETUP">
<kw name="Open Browser" owner="SeleniumLibrary">
<msg time="2026-01-25T22:28:02.857907" level="INFO">Opening browser 'chrome' to base url 'None'.</msg>
<msg time="2026-01-25T22:28:03.415903" level="WARN">The chromedriver version (143.0.7499.192) detected in PATH at C:\Users\Jean\AppData\Local\Programs\Python\Python312\Scripts\chromedriver.exe might not be compatible with the detected chrome version (144.0.7559.96); currently, chromedriver 144.0.7559.96 is recommended for chrome 144.*, so it is advised to delete the driver in PATH and retry</msg>
<arg>browser=chrome</arg>
<arg>options=add_experimental_option("detach", True)</arg>
<doc>Opens a new browser instance to the optional ``url``.</doc>
<status status="PASS" start="2026-01-25T22:28:02.857907" elapsed="1.975036"/>
</kw>
<kw name="Maximize Browser Window" owner="SeleniumLibrary">
<doc>Maximizes current browser window.</doc>
<status status="PASS" start="2026-01-25T22:28:04.832943" elapsed="1.424692"/>
</kw>
<status status="PASS" start="2026-01-25T22:28:02.856907" elapsed="3.401731"/>
</kw>
<kw name="Dado que estou na home page da Amazon.com.br" owner="amazon_resources">
<kw name="Go To" owner="SeleniumLibrary">
<msg time="2026-01-25T22:28:06.260637" level="INFO">Opening url 'https://www.amazon.com.br/'</msg>
<arg>${URL}</arg>
<doc>Navigates the current browser window to the provided ``url``.</doc>
<status status="PASS" start="2026-01-25T22:28:06.260637" elapsed="1.691436"/>
</kw>
<kw name="Sleep" owner="BuiltIn">
<msg time="2026-01-25T22:28:17.952430" level="INFO">Slept 10 seconds.</msg>
<arg>10s</arg>
<doc>Pauses the test executed for the given time.</doc>
<status status="PASS" start="2026-01-25T22:28:07.952073" elapsed="10.000357"/>
</kw>
<kw name="Wait Until Element Is Visible" owner="SeleniumLibrary">
<arg>${MENU_COMPUTADORES}</arg>
<doc>Waits until the element ``locator`` is visible.</doc>
<status status="PASS" start="2026-01-25T22:28:17.952430" elapsed="0.038014"/>
</kw>
<status status="PASS" start="2026-01-25T22:28:06.258638" elapsed="11.732797"/>
</kw>
<kw name="Quando acessar o menu &quot;Computadores&quot;" owner="amazon_resources">
<kw name="Click Element" owner="SeleniumLibrary">
<msg time="2026-01-25T22:28:17.993439" level="INFO">Clicking element 'xpath=//*[@id="nav-xshop"]/ul/li[8]/div/a'.</msg>
<arg>${MENU_COMPUTADORES}</arg>
<doc>Click the element identified by ``locator``.</doc>
<status status="PASS" start="2026-01-25T22:28:17.992436" elapsed="5.802363"/>
</kw>
<status status="PASS" start="2026-01-25T22:28:17.991435" elapsed="5.803364"/>
</kw>
<kw name="Então o título da página deve ficar &quot;Computadores e Informática | Amazon.com.br&quot;" owner="amazon_resources" source_name="Então o título da página deve ficar &quot;${TITULO}&quot;">
<kw name="Title Should Be" owner="SeleniumLibrary">
<msg time="2026-01-25T22:28:23.853798" level="INFO">Page title is 'Computadores e Informática | Amazon.com.br'.</msg>
<arg>title=${TITULO}</arg>
<doc>Verifies that the current page title equals ``title``.</doc>
<status status="PASS" start="2026-01-25T22:28:23.795798" elapsed="0.058000"/>
</kw>
<status status="PASS" start="2026-01-25T22:28:23.795798" elapsed="0.058000"/>
</kw>
<kw name="E a categoria &quot;Computadores e Informática&quot; deve ser exibida na página" owner="amazon_resources">
<kw name="Element Should Be Visible" owner="SeleniumLibrary">
<msg time="2026-01-25T22:28:23.909798" level="INFO">Element 'xpath=//*[@id="s-refinements"]/div[1]/ul/li[6]/span/a/span' is displayed.</msg>
<arg>xpath=//*[@id="s-refinements"]/div[1]/ul/li[6]/span/a/span</arg>
<doc>Verifies that the element identified by ``locator`` is visible.</doc>
<status status="PASS" start="2026-01-25T22:28:23.855799" elapsed="0.053999"/>
</kw>
<status status="PASS" start="2026-01-25T22:28:23.854798" elapsed="0.056001"/>
</kw>
<kw name="Fechar o navegador" owner="amazon_resources" type="TEARDOWN">
<kw name="Capture Page Screenshot" owner="SeleniumLibrary">
<msg time="2026-01-25T22:28:24.105795" level="INFO" html="true">&lt;/td&gt;&lt;/tr&gt;&lt;tr&gt;&lt;td colspan="3"&gt;&lt;a href="selenium-screenshot-7.png"&gt;&lt;img src="selenium-screenshot-7.png" width="800px"&gt;&lt;/a&gt;</msg>
<doc>Takes a screenshot of the current page and embeds it into a log file.</doc>
<status status="PASS" start="2026-01-25T22:28:23.915797" elapsed="0.191001"/>
</kw>
<status status="PASS" start="2026-01-25T22:28:23.915797" elapsed="0.191001"/>
</kw>
<doc>Verifica o menu eletronicos</doc>
<tag>menus categorias</tag>
<status status="PASS" start="2026-01-25T22:28:02.855910" elapsed="21.256890"/>
</test>
<test id="s1-t2" name="Caso de Teste 02 - Pesquisa de um Produto" line="18">
<kw name="Abrir o navegador" owner="amazon_resources" type="SETUP">
<kw name="Open Browser" owner="SeleniumLibrary">
<msg time="2026-01-25T22:28:24.118798" level="INFO">Opening browser 'chrome' to base url 'None'.</msg>
<msg time="2026-01-25T22:28:24.802797" level="WARN">The chromedriver version (143.0.7499.192) detected in PATH at C:\Users\Jean\AppData\Local\Programs\Python\Python312\Scripts\chromedriver.exe might not be compatible with the detected chrome version (144.0.7559.96); currently, chromedriver 144.0.7559.96 is recommended for chrome 144.*, so it is advised to delete the driver in PATH and retry</msg>
<arg>browser=chrome</arg>
<arg>options=add_experimental_option("detach", True)</arg>
<doc>Opens a new browser instance to the optional ``url``.</doc>
<status status="PASS" start="2026-01-25T22:28:24.117799" elapsed="2.909706"/>
</kw>
<kw name="Maximize Browser Window" owner="SeleniumLibrary">
<doc>Maximizes current browser window.</doc>
<status status="PASS" start="2026-01-25T22:28:27.027505" elapsed="0.540227"/>
</kw>
<status status="PASS" start="2026-01-25T22:28:24.117799" elapsed="3.449933"/>
</kw>
<kw name="Dado que estou na home page da Amazon.com.br" owner="amazon_resources">
<kw name="Go To" owner="SeleniumLibrary">
<msg time="2026-01-25T22:28:27.571731" level="INFO">Opening url 'https://www.amazon.com.br/'</msg>
<arg>${URL}</arg>
<doc>Navigates the current browser window to the provided ``url``.</doc>
<status status="PASS" start="2026-01-25T22:28:27.570732" elapsed="6.317571"/>
</kw>
<kw name="Sleep" owner="BuiltIn">
<msg time="2026-01-25T22:28:43.889599" level="INFO">Slept 10 seconds.</msg>
<arg>10s</arg>
<doc>Pauses the test executed for the given time.</doc>
<status status="PASS" start="2026-01-25T22:28:33.888303" elapsed="10.001296"/>
</kw>
<kw name="Wait Until Element Is Visible" owner="SeleniumLibrary">
<arg>${MENU_COMPUTADORES}</arg>
<doc>Waits until the element ``locator`` is visible.</doc>
<status status="PASS" start="2026-01-25T22:28:43.890599" elapsed="1.506960"/>
</kw>
<status status="PASS" start="2026-01-25T22:28:27.570732" elapsed="17.826827"/>
</kw>
<kw name="Quando pesquisar pelo produto &quot;Xbox Series S&quot;" owner="amazon_resources">
<kw name="Input Text" owner="SeleniumLibrary">
<msg time="2026-01-25T22:28:45.407559" level="INFO">Typing text 'Xbox Series S' into text field 'twotabsearchtextbox'.</msg>
<arg>locator=twotabsearchtextbox</arg>
<arg>text=Xbox Series S</arg>
<doc>Types the given ``text`` into the text field identified by ``locator``.</doc>
<status status="PASS" start="2026-01-25T22:28:45.407559" elapsed="0.241000"/>
</kw>
<kw name="Click Element" owner="SeleniumLibrary">
<msg time="2026-01-25T22:28:45.649559" level="INFO">Clicking element 'xpath=//*[@id="nav-search-submit-button"]'.</msg>
<arg>xpath=//*[@id="nav-search-submit-button"]</arg>
<doc>Click the element identified by ``locator``.</doc>
<status status="PASS" start="2026-01-25T22:28:45.649559" elapsed="2.952551"/>
</kw>
<status status="PASS" start="2026-01-25T22:28:45.406558" elapsed="3.196553"/>
</kw>
<kw name="Entao o título da pagina deve ficar &quot;Amazon.com.br : Xbox Series S&quot;" owner="amazon_resources">
<kw name="Title Should Be" owner="SeleniumLibrary">
<msg time="2026-01-25T22:28:48.617111" level="INFO">Page title is 'Amazon.com.br : Xbox Series S'.</msg>
<arg>title=Amazon.com.br : Xbox Series S</arg>
<doc>Verifies that the current page title equals ``title``.</doc>
<status status="PASS" start="2026-01-25T22:28:48.606109" elapsed="0.011999"/>
</kw>
<status status="PASS" start="2026-01-25T22:28:48.605111" elapsed="0.012997"/>
</kw>
<kw name="E um produto da linha &quot;Xbox Series S&quot; deve ser mostrado na página" owner="amazon_resources">
<kw name="Wait Until Element Is Visible" owner="SeleniumLibrary">
<arg>xpath=//span[normalize-space()='Console Xbox Series S']</arg>
<doc>Waits until the element ``locator`` is visible.</doc>
<status status="PASS" start="2026-01-25T22:28:48.619110" elapsed="0.032001"/>
</kw>
<status status="PASS" start="2026-01-25T22:28:48.618108" elapsed="0.033003"/>
</kw>
<kw name="Fechar o navegador" owner="amazon_resources" type="TEARDOWN">
<kw name="Capture Page Screenshot" owner="SeleniumLibrary">
<msg time="2026-01-25T22:28:48.844113" level="INFO" html="true">&lt;/td&gt;&lt;/tr&gt;&lt;tr&gt;&lt;td colspan="3"&gt;&lt;a href="selenium-screenshot-8.png"&gt;&lt;img src="selenium-screenshot-8.png" width="800px"&gt;&lt;/a&gt;</msg>
<doc>Takes a screenshot of the current page and embeds it into a log file.</doc>
<status status="PASS" start="2026-01-25T22:28:48.654109" elapsed="0.191002"/>
</kw>
<status status="PASS" start="2026-01-25T22:28:48.654109" elapsed="0.191002"/>
</kw>
<doc>Pesquisa de produto</doc>
<tag>busca_produtos</tag>
<tag>lista_busca</tag>
<status status="PASS" start="2026-01-25T22:28:24.116798" elapsed="24.732313"/>
</test>
<doc>Suite de teste para Amazon</doc>
<status status="PASS" start="2026-01-25T22:28:02.559904" elapsed="46.293206"/>
</suite>
<statistics>
<total>
<stat pass="2" fail="0" skip="0">All Tests</stat>
</total>
<tag>
<stat pass="1" fail="0" skip="0">busca_produtos</stat>
<stat pass="1" fail="0" skip="0">lista_busca</stat>
<stat pass="1" fail="0" skip="0">menus categorias</stat>
</tag>
<suite>
<stat name="Amazon Tests" id="s1" pass="2" fail="0" skip="0">Amazon Tests</stat>
</suite>
</statistics>
<errors>
<msg time="2026-01-25T22:28:03.415903" level="WARN">The chromedriver version (143.0.7499.192) detected in PATH at C:\Users\Jean\AppData\Local\Programs\Python\Python312\Scripts\chromedriver.exe might not be compatible with the detected chrome version (144.0.7559.96); currently, chromedriver 144.0.7559.96 is recommended for chrome 144.*, so it is advised to delete the driver in PATH and retry</msg>
<msg time="2026-01-25T22:28:24.802797" level="WARN">The chromedriver version (143.0.7499.192) detected in PATH at C:\Users\Jean\AppData\Local\Programs\Python\Python312\Scripts\chromedriver.exe might not be compatible with the detected chrome version (144.0.7559.96); currently, chromedriver 144.0.7559.96 is recommended for chrome 144.*, so it is advised to delete the driver in PATH and retry</msg>
</errors>
</robot>
