<?xml version="1.0" encoding="UTF-8"?>
<robot generator="Robot 7.2.2 (Python 3.12.3 on win32)" generated="2026-02-04T18:16:18.518783" rpa="false" schemaversion="5">
<suite id="s1" name="Estruturaifelse" source="c:\Users\Jean\Robot_SeleniumLibrary\estruturaifelse.robot">
<test id="s1-t1" name="Exemplo Bloco IF Eletrônicos" line="10">
<if>
<branch type="IF" condition="${STATUS} &gt; 0">
<kw name="Log To Console" owner="BuiltIn">
<arg>Status é maior que 0</arg>
<doc>Logs the given message to the console.</doc>
<status status="PASS" start="2026-02-04T18:16:18.769186" elapsed="0.000996"/>
</kw>
<status status="PASS" start="2026-02-04T18:16:18.768182" elapsed="0.002000"/>
</branch>
<branch type="ELSE">
<kw name="Log To Console" owner="BuiltIn">
<arg>Status é menor que 0</arg>
<doc>Logs the given message to the console.</doc>
<status status="NOT RUN" start="2026-02-04T18:16:18.771168" elapsed="0.000000"/>
</kw>
<status status="NOT RUN" start="2026-02-04T18:16:18.770182" elapsed="0.000986"/>
</branch>
<status status="PASS" start="2026-02-04T18:16:18.768182" elapsed="0.002986"/>
</if>
<status status="PASS" start="2026-02-04T18:16:18.767192" elapsed="0.006977"/>
</test>
<status status="PASS" start="2026-02-04T18:16:18.525783" elapsed="0.250385"/>
</suite>
<statistics>
<total>
<stat pass="1" fail="0" skip="0">All Tests</stat>
</total>
<tag>
</tag>
<suite>
<stat name="Estruturaifelse" id="s1" pass="1" fail="0" skip="0">Estruturaifelse</stat>
</suite>
</statistics>
<errors>
</errors>
</robot>
